23763 14617 2633 -11276 -7721 -17587 -2761 -17659 -12161 11915 -14849 -31951 -26846 4223 -8353 -20915 558 2711 -14766 -27965 -27508 -29714 13381 17309 11222 -7938 -31137 -31241 29610 12480
https://www.random.org/integers/?num=30&min=-32768&max=32767&col=30&base=10&format=html&rnd=new

$ time perl ch-2-exp.pl 23763 14617 2633 -11276 -7721 -17587 -2761 -17659 -12161 11915 -14849 -31951 -26846 4223 -8353 -20915 558 2711 -14766 -27965 -27508 -29714 13381 17309 11222 -7938 -31137 -31241 29610 12480
TOTAL: -197926

(-31951 -31137 -27965 -26846 -17659 -14849 -12161 -7938 -2761 558 4223 11915 13381 14617 29610) ==> -98963
(-31241 -29714 -27508 -20915 -17587 -14766 -11276 -8353 -7721 2633 2711 11222 12480 17309 23763) ==> -98963

real 0m40.141s
user 0m40.072s
sys 0m0.008s



-18694 6900 -12681 -14957 -203 31177 -949 23518 28438 13717 -26015 -12252 4674 17997 -4510 28234 19186 -12683 4563 10904 31643 -25169 22645 21154 -23403 12121 -22331 32663 -24658 -27012
https://www.random.org/integers/?num=30&min=-32768&max=32767&col=30&base=10&format=html&rnd=new

$ time perl ch-2-exp.pl -18694 6900 -12681 -14957 -203 31177 -949 23518 28438 13717 -26015 -12252 4674 17997 -4510 28234 19186 -12683 4563 10904 31643 -25169 22645 21154 -23403 12121 -22331 32663 -24658 -27012
TOTAL: 84017

(-26015 -24658 -23403 -14957 -12683 -4510 -949 4674 6900 12121 17997 21154 23518 31177 31643) ==> 42009
(-27012 -25169 -22331 -18694 -12681 -12252 -203 4563 10904 13717 19186 22645 28234 28438 32663) ==> 42008

real 0m31.458s
user 0m31.415s
sys 0m0.008s



6508 -15580 17952 -23895 31832 -2346 5808 17895 -23580 11225 25168 -31309 -8385 8877 -20848 -19410 19612 -18465 15335 -10865 27362 11845 -6131 -14685 -3604 -20274 6511 12995 -31334 9251
https://www.random.org/integers/?num=30&min=-32768&max=32767&col=30&base=10&format=html&rnd=new
$ time perl ch-2-exp.pl 6508 -15580 17952 -23895 31832 -2346 5808 17895 -23580 11225 25168 -31309 -8385 8877 -20848 -19410 19612 -18465 15335 -10865 27362 11845 -6131 -14685 -3604 -20274 6511 12995 -31334 9251
TOTAL: -22535

(-31309 -23895 -20274 -19410 -14685 -10865 -3604 -2346 6508 8877 11845 12995 17895 25168 31832) ==> -11268
(-31334 -23580 -20848 -18465 -15580 -8385 -6131 5808 6511 9251 11225 15335 17952 19612 27362) ==> -11267

real 0m43.356s
user 0m43.289s
sys 0m0.008s

# ======================================================================================

# It has an EXACT SOLUTION. BUGS!
-5968 2770 -8096 -25733 9871 -31894 14894 16362 -17247 -26276 -14397 5883 -15402 -19631 7909 16087 22712 -16729 -16441 -12187 -21928 26241 15638 14560 -7280 16541 2333 -25733 29094 -17096
https://www.random.org/integers/?num=30&min=-32768&max=32767&col=30&base=10&format=html&rnd=new
$ time perl ch-2-exp.pl -5968 2770 -8096 -25733 9871 -31894 14894 16362 -17247 -26276 -14397 5883 -15402 -19631 7909 16087 22712 -16729 -16441 -12187 -21928 26241 15638 14560 -7280 16541 2333 -25733 29094 -17096
TOTAL: -81143

(-31894 -25733 -21928 -17247 -16729 -14397 -8096 -5968 2333 7909 14560 14894 16087 16541 29094) ==> -40574
(-26276 -25733 -19631 -17096 -16441 -15402 -12187 -7280 2770 5883 9871 15638 16362 22712 26241) ==> -40569

real	0m58.446s
user	0m58.374s
sys	0m0.004s



# It has an EXACT SOLUTION. BUGS!
22476 -12619 8685 -32244 -23230 -6988 29122 32411 4720 -28004 -32329 12135 27020 -25596 4837 12737 21941 21699 -8904 13793 28121 2282 -3583 -1517 14085 11982 -27624 -22685 -20224 -21113
https://www.random.org/integers/?num=30&min=-32768&max=32767&col=30&base=10&format=html&rnd=new
$
time perl ch-2-exp.pl 22476 -12619 8685 -32244 -23230 -6988 29122 32411 4720 -28004 -32329 12135 27020 -25596 4837 12737 21941 21699 -8904 13793 28121 2282 -3583 -1517 14085 11982 -27624 -22685 -20224 -21113
TOTAL: 1386

(-32244 -28004 -23230 -22685 -20224 -8904 -1517 4720 4837 12135 12737 21699 21941 27020 32411) ==> 692
(-32329 -27624 -25596 -21113 -12619 -6988 -3583 2282 8685 11982 13793 14085 22476 28121 29122) ==> 694

real	1m48.363s
user	1m48.139s
sys	0m0.024s


Corrected Solutions:
(with help from https://github.com/drbaggy/perlweeklychallenge-club/blob/master/challenge-124/james-smith/perl/ch-2.pl)
$ perl james-ch-2.pl
Team 1: [-5968 2770 -8096 -25733 9871 -31894 14894 16362 -17247 -26276 -15402 7909 26241 29094 -17096]; Team 2: [-14397 5883 -19631 16087 22712 -16729 -16441 -12187 -21928 15638 14560 -7280 16541 2333 -25733]; difference 1
$ perl james-ch-2a.pl
Team 1: [22476 -12619 8685 -32244 -23230 -6988 29122 32411 -32329 12135 -25596 21699 -8904 13793 2282]; Team 2: [4720 -28004 27020 4837 12737 21941 28121 -3583 -1517 14085 11982 -27624 -22685 -20224 -21113]; difference 0

